<?xml version="1.0" encoding="UTF-8"?>
<beans xmlns="http://www.springframework.org/schema/beans"
    xmlns:xsi="http://www.w3.org/2001/XMLSchema-instance" xmlns:context="http://www.springframework.org/schema/context"
    xmlns:mvc="http://www.springframework.org/schema/mvc" xmlns:util="http://www.springframework.org/schema/util"
    xmlns:tx="http://www.springframework.org/schema/tx" xmlns:jdbc="http://www.springframework.org/schema/jdbc"
    xsi:schemaLocation="http://www.springframework.org/schema/mvc http://www.springframework.org/schema/mvc/spring-mvc-3.0.xsd
        http://www.springframework.org/schema/beans http://www.springframework.org/schema/beans/spring-beans-3.0.xsd
        http://www.springframework.org/schema/tx http://www.springframework.org/schema/tx/spring-tx-3.0.xsd
        http://www.springframework.org/schema/context http://www.springframework.org/schema/context/spring-context-3.0.xsd
        http://www.springframework.org/schema/util http://www.springframework.org/schema/util/spring-util-3.0.xsd
        http://www.springframework.org/schema/jdbc http://www.springframework.org/schema/jdbc/spring-jdbc-3.1.xsd">

     <import resource="classpath:spring/base-order-tracking-batch-context.xml" />
     
     <!-- make properties available as a bean -->
    <!-- <bean id="order_tracking_batch_job" class="au.com.optus.mcas.sdp.bizservice.ott.ordertracking.batchjob.util.OrderTrackingPropertiesContainer">
        <property name="propertiesFileName" value="order_tracking_batch_job/order_tracking_batch_job.properties" />
    </bean> -->
     
     <bean id="core-dataSource" class="org.apache.commons.dbcp.BasicDataSource"
        destroy-method="close">
        <property name="driverClassName" value="org.hsqldb.jdbcDriver" />
        <property name="url" value="jdbc:hsqldb:mem:testdb" />
        <property name="username" value="sa" />
        <property name="password" value="" />
    </bean>
    
    <!-- Use in-memory HSQLDB database for testing purposes -->
   <!--  <jdbc:embedded-database id="core-dataSource_init" type="HSQL" >
        <jdbc:script location="classpath:test_sequences.sql" execution="INIT"/>
        <jdbc:script location="classpath:oracle_syntax_on.sql" execution="INIT"/>
        <jdbc:script location="classpath:DDL_ORACLE.sql" execution="INIT"/>
    </jdbc:embedded-database>
     -->
    <!-- override Hibernate properties bean to match our test database -->

    <bean id="core-hibernateProperties"
        class="org.springframework.beans.factory.config.PropertiesFactoryBean">
        <property name="properties">
            <props>
                <prop key="hibernate.dialect">org.hibernate.dialect.HSQLDialect</prop>

                <!-- <prop key="hibernate.dialect">org.hibernate.dialect.Oracle10gDialect</prop> -->

                <prop key="hibernate.order_updates">true</prop>
                <prop key="hibernate.jdbc.batch_versioned_data">false</prop>
                <prop key="hibernate.jdbc.batch_size">16</prop>
                <prop key="hibernate.hbm2ddl.auto">create</prop>
                <!-- Test Hibernate 2nd-level cache properties -->
                <prop key="hibernate.cache.region.factory_class">net.sf.ehcache.hibernate.SingletonEhCacheRegionFactory</prop>
                <prop key="hibernate.cache.use_second_level_cache">false</prop>
                <prop key="hibernate.cache.use_query_cache">false</prop>
                <!-- Debugging properties -->
                <prop key="hibernate.show_sql">true</prop>
                <prop key="hibernate.format_sql">true</prop>
                <prop key="hibernate.use_sql_comments">true</prop>
                <prop key="hibernate.generate_statistics">false</prop>
            </props>
        </property>
    </bean>
</beans>
